<?xml version="1.0" encoding="UTF-8"?>
<robot generator="Robot 7.4.1 (Python 3.13.5 on win32)" generated="2026-02-06T09:17:05.585096" rpa="false" schemaversion="5">
<suite id="s1" name="UNGABUNGA" source="C:\Users\SorosMark\Documents\GitHub\UNGABUNGA">
<suite id="s1-s1" name="Sauce Demo Login" source="C:\Users\SorosMark\Documents\GitHub\UNGABUNGA\sauce_demo_login.robot">
<test id="s1-s1-t1" name="Login to Sauce Demo" line="9">
<kw name="Open Browser" owner="Selenium2Library">
<msg time="2026-02-06T09:17:05.728151" level="INFO">Opening browser 'chrome' to base url 'https://www.saucedemo.com/'.</msg>
<arg>${URL}</arg>
<arg>chrome</arg>
<doc>Opens a new browser instance to the optional ``url``.</doc>
<status status="PASS" start="2026-02-06T09:17:05.727819" elapsed="0.818407"/>
</kw>
<kw name="Input Text" owner="Selenium2Library">
<msg time="2026-02-06T09:17:06.546990" level="INFO">Typing text 'standard_user' into text field 'id:user-name'.</msg>
<arg>id:user-name</arg>
<arg>${USERNAME}</arg>
<doc>Types the given ``text`` into the text field identified by ``locator``.</doc>
<status status="PASS" start="2026-02-06T09:17:06.546573" elapsed="0.075055"/>
</kw>
<kw name="Input Text" owner="Selenium2Library">
<msg time="2026-02-06T09:17:06.622388" level="INFO">Typing text 'secret_sauce' into text field 'id:password'.</msg>
<arg>id:password</arg>
<arg>${PASSWORD}</arg>
<doc>Types the given ``text`` into the text field identified by ``locator``.</doc>
<status status="PASS" start="2026-02-06T09:17:06.621961" elapsed="0.075988"/>
</kw>
<kw name="Click Button" owner="Selenium2Library">
<msg time="2026-02-06T09:17:06.698821" level="INFO">Clicking button 'id:login-button'.</msg>
<arg>id:login-button</arg>
<doc>Clicks the button identified by ``locator``.</doc>
<status status="PASS" start="2026-02-06T09:17:06.698465" elapsed="0.061906"/>
</kw>
<kw name="Sleep" owner="BuiltIn">
<msg time="2026-02-06T09:17:08.761688" level="INFO">Slept 2 seconds.</msg>
<arg>2s</arg>
<doc>Pauses the test executed for the given time.</doc>
<status status="PASS" start="2026-02-06T09:17:06.760649" elapsed="2.002117"/>
</kw>
<kw name="Page Should Contain Element" owner="Selenium2Library">
<msg time="2026-02-06T09:17:08.782176" level="INFO">Current page contains element 'id:shopping_cart_container'.</msg>
<arg>id:shopping_cart_container</arg>
<doc>Verifies that element ``locator`` is found on the current page.</doc>
<status status="PASS" start="2026-02-06T09:17:08.764325" elapsed="0.018200"/>
</kw>
<kw name="Close Browser" owner="Selenium2Library">
<doc>Closes the current browser.</doc>
<status status="PASS" start="2026-02-06T09:17:08.782844" elapsed="2.128210"/>
</kw>
<status status="PASS" start="2026-02-06T09:17:05.725673" elapsed="5.187701"/>
</test>
<test id="s1-s1-t2" name="Login with wrong password" line="18">
<kw name="Open Browser" owner="Selenium2Library">
<msg time="2026-02-06T09:17:10.929784" level="INFO">Opening browser 'chrome' to base url 'https://www.saucedemo.com/'.</msg>
<arg>${URL}</arg>
<arg>chrome</arg>
<doc>Opens a new browser instance to the optional ``url``.</doc>
<status status="PASS" start="2026-02-06T09:17:10.929508" elapsed="0.867522"/>
</kw>
<kw name="Input Text" owner="Selenium2Library">
<msg time="2026-02-06T09:17:11.797606" level="INFO">Typing text 'standard_user' into text field 'id:user-name'.</msg>
<arg>id:user-name</arg>
<arg>${USERNAME}</arg>
<doc>Types the given ``text`` into the text field identified by ``locator``.</doc>
<status status="PASS" start="2026-02-06T09:17:11.797316" elapsed="0.083851"/>
</kw>
<kw name="Input Text" owner="Selenium2Library">
<msg time="2026-02-06T09:17:11.881752" level="INFO">Typing text 'wrong_password' into text field 'id:password'.</msg>
<arg>id:password</arg>
<arg>wrong_password</arg>
<doc>Types the given ``text`` into the text field identified by ``locator``.</doc>
<status status="PASS" start="2026-02-06T09:17:11.881492" elapsed="0.046367"/>
</kw>
<kw name="Click Button" owner="Selenium2Library">
<msg time="2026-02-06T09:17:11.928475" level="INFO">Clicking button 'id:login-button'.</msg>
<arg>id:login-button</arg>
<doc>Clicks the button identified by ``locator``.</doc>
<status status="PASS" start="2026-02-06T09:17:11.928148" elapsed="0.058235"/>
</kw>
<kw name="Page Should Contain Element" owner="Selenium2Library">
<msg time="2026-02-06T09:17:11.992878" level="INFO">Current page contains element 'css:.error-message-container.error'.</msg>
<arg>css:.error-message-container.error</arg>
<doc>Verifies that element ``locator`` is found on the current page.</doc>
<status status="PASS" start="2026-02-06T09:17:11.986638" elapsed="0.006457"/>
</kw>
<kw name="Sleep" owner="BuiltIn">
<msg time="2026-02-06T09:17:13.994963" level="INFO">Slept 2 seconds.</msg>
<arg>2s</arg>
<doc>Pauses the test executed for the given time.</doc>
<status status="PASS" start="2026-02-06T09:17:11.993388" elapsed="2.002794"/>
</kw>
<kw name="Close Browser" owner="Selenium2Library">
<doc>Closes the current browser.</doc>
<status status="PASS" start="2026-02-06T09:17:13.998648" elapsed="2.132798"/>
</kw>
<status status="PASS" start="2026-02-06T09:17:10.921528" elapsed="5.210503"/>
</test>
<test id="s1-s1-t3" name="login with wrong username" line="27">
<kw name="Open Browser" owner="Selenium2Library">
<msg time="2026-02-06T09:17:16.150147" level="INFO">Opening browser 'chrome' to base url 'https://www.saucedemo.com/'.</msg>
<arg>${URL}</arg>
<arg>chrome</arg>
<doc>Opens a new browser instance to the optional ``url``.</doc>
<status status="PASS" start="2026-02-06T09:17:16.149808" elapsed="0.793411"/>
</kw>
<kw name="Input Text" owner="Selenium2Library">
<msg time="2026-02-06T09:17:16.944254" level="INFO">Typing text 'wrong_user' into text field 'id:user-name'.</msg>
<arg>id:user-name</arg>
<arg>wrong_user</arg>
<doc>Types the given ``text`` into the text field identified by ``locator``.</doc>
<status status="PASS" start="2026-02-06T09:17:16.943758" elapsed="0.066780"/>
</kw>
<kw name="Input Text" owner="Selenium2Library">
<msg time="2026-02-06T09:17:17.011084" level="INFO">Typing text 'secret_sauce' into text field 'id:password'.</msg>
<arg>id:password</arg>
<arg>${PASSWORD}</arg>
<doc>Types the given ``text`` into the text field identified by ``locator``.</doc>
<status status="PASS" start="2026-02-06T09:17:17.010795" elapsed="0.044987"/>
</kw>
<kw name="Click Button" owner="Selenium2Library">
<msg time="2026-02-06T09:17:17.056387" level="INFO">Clicking button 'id:login-button'.</msg>
<arg>id:login-button</arg>
<doc>Clicks the button identified by ``locator``.</doc>
<status status="PASS" start="2026-02-06T09:17:17.056072" elapsed="0.046170"/>
</kw>
<kw name="Page Should Contain Element" owner="Selenium2Library">
<msg time="2026-02-06T09:17:17.108742" level="INFO">Current page contains element 'css:.error-message-container.error'.</msg>
<arg>css:.error-message-container.error</arg>
<doc>Verifies that element ``locator`` is found on the current page.</doc>
<status status="PASS" start="2026-02-06T09:17:17.102514" elapsed="0.006529"/>
</kw>
<kw name="Sleep" owner="BuiltIn">
<msg time="2026-02-06T09:17:19.109929" level="INFO">Slept 2 seconds.</msg>
<arg>2s</arg>
<doc>Pauses the test executed for the given time.</doc>
<status status="PASS" start="2026-02-06T09:17:17.109322" elapsed="2.001656"/>
</kw>
<kw name="Close Browser" owner="Selenium2Library">
<doc>Closes the current browser.</doc>
<status status="PASS" start="2026-02-06T09:17:19.112353" elapsed="2.130093"/>
</kw>
<status status="PASS" start="2026-02-06T09:17:16.142296" elapsed="5.101439"/>
</test>
<test id="s1-s1-t4" name="login without username" line="36">
<kw name="Open Browser" owner="Selenium2Library">
<msg time="2026-02-06T09:17:21.257555" level="INFO">Opening browser 'chrome' to base url 'https://www.saucedemo.com/'.</msg>
<arg>${URL}</arg>
<arg>chrome</arg>
<doc>Opens a new browser instance to the optional ``url``.</doc>
<status status="PASS" start="2026-02-06T09:17:21.257052" elapsed="0.791352"/>
</kw>
<kw name="Input Text" owner="Selenium2Library">
<msg time="2026-02-06T09:17:22.049055" level="INFO">Typing text 'secret_sauce' into text field 'id:password'.</msg>
<arg>id:password</arg>
<arg>${PASSWORD}</arg>
<doc>Types the given ``text`` into the text field identified by ``locator``.</doc>
<status status="PASS" start="2026-02-06T09:17:22.048693" elapsed="0.065125"/>
</kw>
<kw name="Click Button" owner="Selenium2Library">
<msg time="2026-02-06T09:17:22.114338" level="INFO">Clicking button 'id:login-button'.</msg>
<arg>id:login-button</arg>
<doc>Clicks the button identified by ``locator``.</doc>
<status status="PASS" start="2026-02-06T09:17:22.114092" elapsed="0.045477"/>
</kw>
<kw name="Page Should Contain Element" owner="Selenium2Library">
<msg time="2026-02-06T09:17:22.165851" level="INFO">Current page contains element 'css:.error-message-container.error'.</msg>
<arg>css:.error-message-container.error</arg>
<doc>Verifies that element ``locator`` is found on the current page.</doc>
<status status="PASS" start="2026-02-06T09:17:22.159846" elapsed="0.006210"/>
</kw>
<kw name="Sleep" owner="BuiltIn">
<msg time="2026-02-06T09:17:24.167568" level="INFO">Slept 2 seconds.</msg>
<arg>2s</arg>
<doc>Pauses the test executed for the given time.</doc>
<status status="PASS" start="2026-02-06T09:17:22.166312" elapsed="2.002586"/>
</kw>
<kw name="Close Browser" owner="Selenium2Library">
<doc>Closes the current browser.</doc>
<status status="PASS" start="2026-02-06T09:17:24.171303" elapsed="2.128696"/>
</kw>
<status status="PASS" start="2026-02-06T09:17:21.252888" elapsed="5.048977"/>
</test>
<test id="s1-s1-t5" name="login without password" line="44">
<kw name="Open Browser" owner="Selenium2Library">
<msg time="2026-02-06T09:17:26.321302" level="INFO">Opening browser 'chrome' to base url 'https://www.saucedemo.com/'.</msg>
<arg>${URL}</arg>
<arg>chrome</arg>
<doc>Opens a new browser instance to the optional ``url``.</doc>
<status status="PASS" start="2026-02-06T09:17:26.320801" elapsed="0.802491"/>
</kw>
<kw name="Input Text" owner="Selenium2Library">
<msg time="2026-02-06T09:17:27.124585" level="INFO">Typing text 'standard_user' into text field 'id:user-name'.</msg>
<arg>id:user-name</arg>
<arg>${USERNAME}</arg>
<doc>Types the given ``text`` into the text field identified by ``locator``.</doc>
<status status="PASS" start="2026-02-06T09:17:27.123821" elapsed="0.068711"/>
</kw>
<kw name="Click Button" owner="Selenium2Library">
<msg time="2026-02-06T09:17:27.193075" level="INFO">Clicking button 'id:login-button'.</msg>
<arg>id:login-button</arg>
<doc>Clicks the button identified by ``locator``.</doc>
<status status="PASS" start="2026-02-06T09:17:27.192817" elapsed="0.044691"/>
</kw>
<kw name="Page Should Contain Element" owner="Selenium2Library">
<msg time="2026-02-06T09:17:27.245666" level="INFO">Current page contains element 'css:.error-message-container.error'.</msg>
<arg>css:.error-message-container.error</arg>
<doc>Verifies that element ``locator`` is found on the current page.</doc>
<status status="PASS" start="2026-02-06T09:17:27.237755" elapsed="0.008211"/>
</kw>
<kw name="Sleep" owner="BuiltIn">
<msg time="2026-02-06T09:17:29.246787" level="INFO">Slept 2 seconds.</msg>
<arg>2s</arg>
<doc>Pauses the test executed for the given time.</doc>
<status status="PASS" start="2026-02-06T09:17:27.246191" elapsed="2.001022"/>
</kw>
<kw name="Close Browser" owner="Selenium2Library">
<doc>Closes the current browser.</doc>
<status status="PASS" start="2026-02-06T09:17:29.248317" elapsed="2.111959"/>
</kw>
<status status="PASS" start="2026-02-06T09:17:26.315560" elapsed="5.045427"/>
</test>
<status status="PASS" start="2026-02-06T09:17:05.611458" elapsed="25.755014"/>
</suite>
<status status="PASS" start="2026-02-06T09:17:05.588328" elapsed="25.780981"/>
</suite>
<statistics>
<total>
<stat pass="5" fail="0" skip="0">All Tests</stat>
</total>
<tag>
</tag>
<suite>
<stat name="UNGABUNGA" id="s1" pass="5" fail="0" skip="0">UNGABUNGA</stat>
<stat name="Sauce Demo Login" id="s1-s1" pass="5" fail="0" skip="0">UNGABUNGA.Sauce Demo Login</stat>
</suite>
</statistics>
<errors>
</errors>
</robot>
